2024.06.04 09:17:02 INFO  Started: Metals version 1.3.1 in folders '/Users/siddarth_chatla/Exercism/scala' for client Visual Studio Code 1.89.1.
SLF4J(W): Class path contains multiple SLF4J providers.
SLF4J(W): Found provider [scribe.slf4j.ScribeServiceProvider@57234c95]
SLF4J(W): Found provider [ch.qos.logback.classic.spi.LogbackServiceProvider@7c2ff37e]
SLF4J(W): See https://www.slf4j.org/codes.html#multiple_bindings for an explanation.
SLF4J(I): Actual provider is of type [scribe.slf4j.ScribeServiceProvider@57234c95]
2024.06.04 09:17:02 WARN  Flyway upgrade recommended: H2 2.2.224 is newer than this version of Flyway and support has not been tested. The latest supported version of H2 is 2.2.220.
Jun 04, 2024 9:17:03 AM org.eclipse.lsp4j.jsonrpc.RemoteEndpoint handleCancellation
WARNING: Unmatched cancel notification for request id 1
Jun 04, 2024 9:17:03 AM org.eclipse.lsp4j.jsonrpc.RemoteEndpoint handleCancellation
WARNING: Unmatched cancel notification for request id 3
Jun 04, 2024 9:17:03 AM org.eclipse.lsp4j.jsonrpc.RemoteEndpoint handleCancellation
WARNING: Unmatched cancel notification for request id 2
2024.06.04 09:17:57 INFO  running '/Library/Java/JavaVirtualMachines/jdk-17.0.1.jdk/Contents/Home/bin/java -Djline.terminal=jline.UnsupportedTerminal -Dsbt.log.noformat=true -Dfile.encoding=UTF-8 -Dsbt.version=1.9.9 -jar /var/folders/hb/fs32byhj7yjbcptlz537t1l40000gn/T/metals13628656281231495477/sbt-launch.jar -Dbloop.export-jar-classifiers=sources bloopInstall'
2024.06.04 09:17:57 ERROR [info] [launcher] getting org.scala-sbt sbt 1.9.9  (this may take some time)...
2024.06.04 09:18:01 ERROR [info] [launcher] getting Scala 2.12.18 (for sbt)...
2024.06.04 09:18:02 INFO  [info] Updated file /Users/siddarth_chatla/Exercism/scala/hello-world/project/build.properties: set sbt.version to 1.9.9
2024.06.04 09:18:02 INFO  [info] welcome to sbt 1.9.9 (Oracle Corporation Java 17.0.1)
2024.06.04 09:18:02 INFO  [info] loading settings for project hello-world-build-build from metals.sbt ...
2024.06.04 09:18:03 INFO  [info] loading project definition from /Users/siddarth_chatla/Exercism/scala/hello-world/project/project
2024.06.04 09:18:04 INFO  [info] loading settings for project hello-world-build from metals.sbt ...
2024.06.04 09:18:04 INFO  [info] loading project definition from /Users/siddarth_chatla/Exercism/scala/hello-world/project
2024.06.04 09:18:06 INFO  [success] Generated .bloop/hello-world-build.json
2024.06.04 09:18:06 INFO  [success] Total time: 2 s, completed Jun 4, 2024, 9:18:06 AM
2024.06.04 09:18:06 INFO  [info] loading settings for project hello-world from build.sbt ...
2024.06.04 09:18:06 INFO  [info] set current project to hello-world (in build file:/Users/siddarth_chatla/Exercism/scala/hello-world/)
2024.06.04 09:18:09 INFO  [success] Generated .bloop/hello-world.json
2024.06.04 09:18:09 INFO  [success] Generated .bloop/hello-world-test.json
2024.06.04 09:18:09 INFO  [success] Total time: 3 s, completed Jun 4, 2024, 9:18:09 AM
2024.06.04 09:18:09 INFO  time: ran 'sbt bloopInstall' in 11s
2024.06.04 09:18:09 INFO  Attempting to connect to the build server...
2024.06.04 09:18:09 INFO  Setting up current java home /Library/Java/JavaVirtualMachines/jdk-17.0.1.jdk/Contents/Home in /Users/siddarth_chatla/.bloop/bloop.json
2024.06.04 09:18:13 INFO  tracing is disabled for protocol BSP, to enable tracing of incoming and outgoing JSON messages create an empty file at /Users/siddarth_chatla/Exercism/scala/.metals/bsp.trace.json or /Users/siddarth_chatla/Library/Caches/org.scalameta.metals/bsp.trace.json
2024.06.04 09:18:15 INFO  time: Connected to build server in 6.7s
2024.06.04 09:18:15 INFO  Connected to Build server: Bloop v1.5.17
2024.06.04 09:18:15 WARN  2.13.6 is no longer supported in the current Metals versions, using the last known supported version 1.3.0
2024.06.04 09:18:19 INFO  time: indexed workspace in 3.47s
2024.06.04 09:18:19 WARN  no build target for: /Users/siddarth_chatla/Exercism/scala/hello-world/build.sbt
2024.06.04 09:18:19 INFO  no build target found for /Users/siddarth_chatla/Exercism/scala/hello-world/build.sbt. Using presentation compiler with project's scala-library version: 2.13.14
2024.06.04 09:18:51 INFO  no build target found for /Users/siddarth_chatla/Exercism/scala/hello-world/build.sbt. Using presentation compiler with project's scala-library version: 2.13.14
2024.06.04 09:18:51 INFO  compiling hello-world (1 scala source)
2024.06.04 09:18:51 INFO  Non-compiled module 'compiler-bridge_2.13' for Scala 2.13.6. Compiling...
2024.06.04 09:18:55 INFO  Compilation completed in 3.193s.
2024.06.04 09:18:56 INFO  time: compiled hello-world in 4.78s
Jun 04, 2024 9:19:04 AM org.eclipse.lsp4j.jsonrpc.RemoteEndpoint fallbackResponseError
SEVERE: Internal error: scala.meta.internal.metals.debug.DebugProvider$NoRunOptionException$: There is nothing to run or test in the current file.
java.util.concurrent.CompletionException: scala.meta.internal.metals.debug.DebugProvider$NoRunOptionException$: There is nothing to run or test in the current file.
	at java.base/java.util.concurrent.CompletableFuture.encodeThrowable(CompletableFuture.java:332)
	at java.base/java.util.concurrent.CompletableFuture.uniAcceptNow(CompletableFuture.java:747)
	at java.base/java.util.concurrent.CompletableFuture.uniAcceptStage(CompletableFuture.java:735)
	at java.base/java.util.concurrent.CompletableFuture.thenAcceptAsync(CompletableFuture.java:2186)
	at scala.concurrent.java8.FuturesConvertersImpl$CF.thenAccept(FutureConvertersImpl.scala:37)
	at org.eclipse.lsp4j.jsonrpc.RemoteEndpoint.handleRequest(RemoteEndpoint.java:279)
	at org.eclipse.lsp4j.jsonrpc.RemoteEndpoint.consume(RemoteEndpoint.java:190)
	at org.eclipse.lsp4j.jsonrpc.json.StreamMessageProducer.handleMessage(StreamMessageProducer.java:194)
	at org.eclipse.lsp4j.jsonrpc.json.StreamMessageProducer.listen(StreamMessageProducer.java:94)
	at org.eclipse.lsp4j.jsonrpc.json.ConcurrentMessageProcessor.run(ConcurrentMessageProcessor.java:113)
	at java.base/java.util.concurrent.Executors$RunnableAdapter.call(Executors.java:539)
	at java.base/java.util.concurrent.FutureTask.run(FutureTask.java:264)
	at java.base/java.util.concurrent.ThreadPoolExecutor.runWorker(ThreadPoolExecutor.java:1136)
	at java.base/java.util.concurrent.ThreadPoolExecutor$Worker.run(ThreadPoolExecutor.java:635)
	at java.base/java.lang.Thread.run(Thread.java:833)
Caused by: scala.meta.internal.metals.debug.DebugProvider$NoRunOptionException$: There is nothing to run or test in the current file.
	at scala.meta.internal.metals.debug.DebugProvider$NoRunOptionException$.<clinit>(DebugProvider.scala:1026)
	at scala.meta.internal.metals.debug.DebugProvider.$anonfun$resolveInFile$2(DebugProvider.scala:476)
	at scala.Option.fold(Option.scala:263)
	at scala.meta.internal.metals.debug.DebugProvider.resolveInFile(DebugProvider.scala:447)
	at scala.meta.internal.metals.debug.DebugProvider.debugDiscovery(DebugProvider.scala:592)
	at scala.meta.internal.metals.debug.DebugProvider.runCommandDiscovery(DebugProvider.scala:520)
	at scala.meta.internal.metals.MetalsLspService.discoverMainClasses(MetalsLspService.scala:1835)
	at scala.meta.internal.metals.WorkspaceLspService.executeCommand(WorkspaceLspService.scala:765)
	at scala.meta.metals.lsp.DelegatingScalaService.executeCommand(DelegatingScalaService.scala:169)
	at java.base/jdk.internal.reflect.NativeMethodAccessorImpl.invoke0(Native Method)
	at java.base/jdk.internal.reflect.NativeMethodAccessorImpl.invoke(NativeMethodAccessorImpl.java:77)
	at java.base/jdk.internal.reflect.DelegatingMethodAccessorImpl.invoke(DelegatingMethodAccessorImpl.java:43)
	at java.base/java.lang.reflect.Method.invoke(Method.java:568)
	at org.eclipse.lsp4j.jsonrpc.services.GenericEndpoint.lambda$null$0(GenericEndpoint.java:65)
	at org.eclipse.lsp4j.jsonrpc.services.GenericEndpoint.request(GenericEndpoint.java:120)
	at org.eclipse.lsp4j.jsonrpc.RemoteEndpoint.handleRequest(RemoteEndpoint.java:261)
	... 9 more

2024.06.04 09:20:27 INFO  compiling hello-world-test (1 scala source)
2024.06.04 09:20:27 INFO  time: compiled hello-world-test in 0.89s
2024.06.04 10:52:34 INFO  Deduplicating compilation of hello-world from bsp client 'Metals 1.3.1' (since 1h 34m 20.626s)
2024.06.04 10:52:34 INFO  tracing is disabled for protocol dap-server, to enable tracing of incoming and outgoing JSON messages create an empty file at /Users/siddarth_chatla/Exercism/scala/.metals/dap-server.trace.json or /Users/siddarth_chatla/Library/Caches/org.scalameta.metals/dap-server.trace.json
2024.06.04 10:52:34 INFO  tracing is disabled for protocol dap-client, to enable tracing of incoming and outgoing JSON messages create an empty file at /Users/siddarth_chatla/Exercism/scala/.metals/dap-client.trace.json or /Users/siddarth_chatla/Library/Caches/org.scalameta.metals/dap-client.trace.json
2024.06.04 10:52:34 INFO  Starting debug proxy for [HelloWorldTest]
2024.06.04 10:52:34 INFO  Loaded expression compiler in 325 milliseconds
2024.06.04 10:52:36 INFO  Loaded all sources and classes in 1 second
2024.06.04 10:52:36 INFO  Trying to attach to remote debuggee VM localhost:53404 .
2024.06.04 10:52:36 INFO  Attaching to debuggee VM succeeded.
2024.06.04 10:52:37 INFO  Canceling debug proxy for [HelloWorldTest]
2024.06.04 10:52:36 INFO  Closing debug server tcp://0.0.0.0:53391
2024.06.08 10:35:08 INFO  Shutting down server
2024.06.08 10:35:08 INFO  shutting down Metals
2024.06.08 10:35:08 INFO  Exiting server
